# JRE version: Java(TM) SE Runtime Environment (8.0_65-b17) (build 1.8.0_65-b17)
# Java VM: Java HotSpot(TM) 64-Bit Server VM (25.65-b01 mixed mode bsd-amd64 compressed oops)
Heap:
 PSYoungGen      total 603648K, used 142935K [0x0000000174180000, 0x000000019ec00000, 0x000000019ec00000)
  eden space 508416K, 28% used [0x0000000174180000,0x000000017cd15d40,0x0000000193200000)
  from space 95232K, 0% used [0x0000000198f00000,0x0000000198f00000,0x000000019ec00000)
  to   space 95232K, 0% used [0x0000000193200000,0x0000000193200000,0x0000000198f00000)
 ParOldGen       total 371200K, used 66394K [0x000000011ec00000, 0x0000000135680000, 0x0000000174180000)
  object space 371200K, 17% used [0x000000011ec00000,0x0000000122cd6a30,0x0000000135680000)
 Metaspace       used 70056K, capacity 73534K, committed 73600K, reserved 1114112K
  class space    used 9110K, capacity 9808K, committed 9856K, reserved 1048576K
GC Heap History (10 events):
Event: 1605.379 GC heap before
{Heap before GC invocations=21 (full 5):
 PSYoungGen      total 441344K, used 441323K [0x0000000174180000, 0x000000019dc80000, 0x000000019ec00000)
  eden space 391680K, 100% used [0x0000000174180000,0x000000018c000000,0x000000018c000000)
  from space 49664K, 99% used [0x000000018c000000,0x000000018f07af58,0x000000018f080000)
  to   space 61440K, 0% used [0x000000019a080000,0x000000019a080000,0x000000019dc80000)
 ParOldGen       total 214016K, used 113257K [0x000000011ec00000, 0x000000012bd00000, 0x0000000174180000)
  object space 214016K, 52% used [0x000000011ec00000,0x0000000125a9a7b0,0x000000012bd00000)
 Metaspace       used 68354K, capacity 71562K, committed 71808K, reserved 1112064K
  class space    used 8934K, capacity 9598K, committed 9600K, reserved 1048576K
Event: 1605.706 GC heap after
Heap after GC invocations=21 (full 5):
 PSYoungGen      total 590336K, used 61420K [0x0000000174180000, 0x000000019ec00000, 0x000000019ec00000)
  eden space 528896K, 0% used [0x0000000174180000,0x0000000174180000,0x0000000194600000)
  from space 61440K, 99% used [0x000000019a080000,0x000000019dc7b200,0x000000019dc80000)
  to   space 84992K, 0% used [0x0000000194600000,0x0000000194600000,0x0000000199900000)
 ParOldGen       total 214016K, used 148864K [0x000000011ec00000, 0x000000012bd00000, 0x0000000174180000)
  object space 214016K, 69% used [0x000000011ec00000,0x0000000127d603d0,0x000000012bd00000)
 Metaspace       used 68354K, capacity 71562K, committed 71808K, reserved 1112064K
  class space    used 8934K, capacity 9598K, committed 9600K, reserved 1048576K
}
Event: 1607.664 GC heap before
{Heap before GC invocations=22 (full 5):
 PSYoungGen      total 590336K, used 590316K [0x0000000174180000, 0x000000019ec00000, 0x000000019ec00000)
  eden space 528896K, 100% used [0x0000000174180000,0x0000000194600000,0x0000000194600000)
  from space 61440K, 99% used [0x000000019a080000,0x000000019dc7b200,0x000000019dc80000)
  to   space 84992K, 0% used [0x0000000194600000,0x0000000194600000,0x0000000199900000)
 ParOldGen       total 214016K, used 148864K [0x000000011ec00000, 0x000000012bd00000, 0x0000000174180000)
  object space 214016K, 69% used [0x000000011ec00000,0x0000000127d603d0,0x000000012bd00000)
 Metaspace       used 68374K, capacity 71562K, committed 71808K, reserved 1112064K
  class space    used 8935K, capacity 9598K, committed 9600K, reserved 1048576K
Event: 1608.106 GC heap after
Heap after GC invocations=22 (full 5):
 PSYoungGen      total 602624K, used 73645K [0x0000000174180000, 0x000000019ec00000, 0x000000019ec00000)
  eden space 528896K, 0% used [0x0000000174180000,0x0000000174180000,0x0000000194600000)
  from space 73728K, 99% used [0x0000000194600000,0x0000000198deb5b0,0x0000000198e00000)
  to   space 95232K, 0% used [0x0000000198f00000,0x0000000198f00000,0x000000019ec00000)
 ParOldGen       total 214016K, used 194792K [0x000000011ec00000, 0x000000012bd00000, 0x0000000174180000)
  object space 214016K, 91% used [0x000000011ec00000,0x000000012aa3a1b8,0x000000012bd00000)
 Metaspace       used 68374K, capacity 71562K, committed 71808K, reserved 1112064K
  class space    used 8935K, capacity 9598K, committed 9600K, reserved 1048576K
}
Event: 1608.106 GC heap before
{Heap before GC invocations=23 (full 6):
 PSYoungGen      total 602624K, used 73645K [0x0000000174180000, 0x000000019ec00000, 0x000000019ec00000)
  eden space 528896K, 0% used [0x0000000174180000,0x0000000174180000,0x0000000194600000)
  from space 73728K, 99% used [0x0000000194600000,0x0000000198deb5b0,0x0000000198e00000)
  to   space 95232K, 0% used [0x0000000198f00000,0x0000000198f00000,0x000000019ec00000)
 ParOldGen       total 214016K, used 194792K [0x000000011ec00000, 0x000000012bd00000, 0x0000000174180000)
  object space 214016K, 91% used [0x000000011ec00000,0x000000012aa3a1b8,0x000000012bd00000)
 Metaspace       used 68374K, capacity 71562K, committed 71808K, reserved 1112064K
  class space    used 8935K, capacity 9598K, committed 9600K, reserved 1048576K
Event: 1610.199 GC heap after
Heap after GC invocations=23 (full 6):
 PSYoungGen      total 602624K, used 34376K [0x0000000174180000, 0x000000019ec00000, 0x000000019ec00000)
  eden space 528896K, 0% used [0x0000000174180000,0x0000000174180000,0x0000000194600000)
  from space 73728K, 46% used [0x0000000194600000,0x0000000196792218,0x0000000198e00000)
  to   space 95232K, 0% used [0x0000000198f00000,0x0000000198f00000,0x000000019ec00000)
 ParOldGen       total 371200K, used 213744K [0x000000011ec00000, 0x0000000135680000, 0x0000000174180000)
  object space 371200K, 57% used [0x000000011ec00000,0x000000012bcbc2d8,0x0000000135680000)
 Metaspace       used 68374K, capacity 71562K, committed 71808K, reserved 1112064K
  class space    used 8935K, capacity 9598K, committed 9600K, reserved 1048576K
}
Event: 1616.240 GC heap before
{Heap before GC invocations=24 (full 6):
 PSYoungGen      total 602624K, used 403225K [0x0000000174180000, 0x000000019ec00000, 0x000000019ec00000)
  eden space 528896K, 69% used [0x0000000174180000,0x000000018a9b4510,0x0000000194600000)
  from space 73728K, 46% used [0x0000000194600000,0x0000000196792218,0x0000000198e00000)
  to   space 95232K, 0% used [0x0000000198f00000,0x0000000198f00000,0x000000019ec00000)
 ParOldGen       total 371200K, used 213744K [0x000000011ec00000, 0x0000000135680000, 0x0000000174180000)
  object space 371200K, 57% used [0x000000011ec00000,0x000000012bcbc2d8,0x0000000135680000)
 Metaspace       used 69381K, capacity 72522K, committed 72704K, reserved 1112064K
  class space    used 9049K, capacity 9726K, committed 9728K, reserved 1048576K
Event: 1616.502 GC heap after
Heap after GC invocations=24 (full 6):
 PSYoungGen      total 603648K, used 52241K [0x0000000174180000, 0x000000019ec00000, 0x000000019ec00000)
  eden space 508416K, 0% used [0x0000000174180000,0x0000000174180000,0x0000000193200000)
  from space 95232K, 54% used [0x0000000198f00000,0x000000019c2045f0,0x000000019ec00000)
  to   space 95232K, 0% used [0x0000000193200000,0x0000000193200000,0x0000000198f00000)
 ParOldGen       total 371200K, used 223192K [0x000000011ec00000, 0x0000000135680000, 0x0000000174180000)
  object space 371200K, 60% used [0x000000011ec00000,0x000000012c5f62d8,0x0000000135680000)
 Metaspace       used 69381K, capacity 72522K, committed 72704K, reserved 1112064K
  class space    used 9049K, capacity 9726K, committed 9728K, reserved 1048576K
}
Event: 1616.502 GC heap before
{Heap before GC invocations=25 (full 7):
 PSYoungGen      total 603648K, used 52241K [0x0000000174180000, 0x000000019ec00000, 0x000000019ec00000)
  eden space 508416K, 0% used [0x0000000174180000,0x0000000174180000,0x0000000193200000)
  from space 95232K, 54% used [0x0000000198f00000,0x000000019c2045f0,0x000000019ec00000)
  to   space 95232K, 0% used [0x0000000193200000,0x0000000193200000,0x0000000198f00000)
 ParOldGen       total 371200K, used 223192K [0x000000011ec00000, 0x0000000135680000, 0x0000000174180000)
  object space 371200K, 60% used [0x000000011ec00000,0x000000012c5f62d8,0x0000000135680000)
 Metaspace       used 69381K, capacity 72522K, committed 72704K, reserved 1112064K
  class space    used 9049K, capacity 9726K, committed 9728K, reserved 1048576K
Event: 1617.051 GC heap after
Heap after GC invocations=25 (full 7):
 PSYoungGen      total 603648K, used 0K [0x0000000174180000, 0x000000019ec00000, 0x000000019ec00000)
  eden space 508416K, 0% used [0x0000000174180000,0x0000000174180000,0x0000000193200000)
  from space 95232K, 0% used [0x0000000198f00000,0x0000000198f00000,0x000000019ec00000)
  to   space 95232K, 0% used [0x0000000193200000,0x0000000193200000,0x0000000198f00000)
 ParOldGen       total 371200K, used 66394K [0x000000011ec00000, 0x0000000135680000, 0x0000000174180000)
  object space 371200K, 17% used [0x000000011ec00000,0x0000000122cd6a30,0x0000000135680000)
 Metaspace       used 69381K, capacity 72522K, committed 72704K, reserved 1112064K
  class space    used 9049K, capacity 9726K, committed 9728K, reserved 1048576K
}

