# JRE version: Java(TM) SE Runtime Environment (8.0_65-b17) (build 1.8.0_65-b17)
# Java VM: Java HotSpot(TM) 64-Bit Server VM (25.65-b01 mixed mode bsd-amd64 compressed oops)
Heap:
 PSYoungGen      total 299008K, used 255841K [0x0000000795580000, 0x00000007a9980000, 0x00000007c0000000)
  eden space 281600K, 90% used [0x0000000795580000,0x00000007a4f58690,0x00000007a6880000)
  from space 17408K, 0% used [0x00000007a6880000,0x00000007a6880000,0x00000007a7980000)
  to   space 19968K, 0% used [0x00000007a8600000,0x00000007a8600000,0x00000007a9980000)
 ParOldGen       total 75264K, used 47054K [0x0000000740000000, 0x0000000744980000, 0x0000000795580000)
  object space 75264K, 62% used [0x0000000740000000,0x0000000742df38b8,0x0000000744980000)
 Metaspace       used 56970K, capacity 58834K, committed 59008K, reserved 1099776K
  class space    used 7717K, capacity 8229K, committed 8320K, reserved 1048576K
GC Heap History (10 events):
Event: 15.992 GC heap before
{Heap before GC invocations=12 (full 1):
 PSYoungGen      total 206848K, used 134425K [0x0000000795580000, 0x00000007a3900000, 0x00000007c0000000)
  eden space 196608K, 63% used [0x0000000795580000,0x000000079cecb5c0,0x00000007a1580000)
  from space 10240K, 99% used [0x00000007a2f00000,0x00000007a38faf10,0x00000007a3900000)
  to   space 12288K, 0% used [0x00000007a2100000,0x00000007a2100000,0x00000007a2d00000)
 ParOldGen       total 52736K, used 11904K [0x0000000740000000, 0x0000000743380000, 0x0000000795580000)
  object space 52736K, 22% used [0x0000000740000000,0x0000000740ba0048,0x0000000743380000)
 Metaspace       used 34375K, capacity 35208K, committed 35416K, reserved 1079296K
  class space    used 4564K, capacity 4761K, committed 4864K, reserved 1048576K
Event: 16.017 GC heap after
Heap after GC invocations=12 (full 1):
 PSYoungGen      total 220672K, used 6260K [0x0000000795580000, 0x00000007a8500000, 0x00000007c0000000)
  eden space 208384K, 0% used [0x0000000795580000,0x0000000795580000,0x00000007a2100000)
  from space 12288K, 50% used [0x00000007a2100000,0x00000007a271d080,0x00000007a2d00000)
  to   space 11776K, 0% used [0x00000007a7980000,0x00000007a7980000,0x00000007a8500000)
 ParOldGen       total 52736K, used 17668K [0x0000000740000000, 0x0000000743380000, 0x0000000795580000)
  object space 52736K, 33% used [0x0000000740000000,0x00000007411410f8,0x0000000743380000)
 Metaspace       used 34375K, capacity 35208K, committed 35416K, reserved 1079296K
  class space    used 4564K, capacity 4761K, committed 4864K, reserved 1048576K
}
Event: 16.017 GC heap before
{Heap before GC invocations=13 (full 2):
 PSYoungGen      total 220672K, used 6260K [0x0000000795580000, 0x00000007a8500000, 0x00000007c0000000)
  eden space 208384K, 0% used [0x0000000795580000,0x0000000795580000,0x00000007a2100000)
  from space 12288K, 50% used [0x00000007a2100000,0x00000007a271d080,0x00000007a2d00000)
  to   space 11776K, 0% used [0x00000007a7980000,0x00000007a7980000,0x00000007a8500000)
 ParOldGen       total 52736K, used 17668K [0x0000000740000000, 0x0000000743380000, 0x0000000795580000)
  object space 52736K, 33% used [0x0000000740000000,0x00000007411410f8,0x0000000743380000)
 Metaspace       used 34375K, capacity 35208K, committed 35416K, reserved 1079296K
  class space    used 4564K, capacity 4761K, committed 4864K, reserved 1048576K
Event: 16.176 GC heap after
Heap after GC invocations=13 (full 2):
 PSYoungGen      total 220672K, used 0K [0x0000000795580000, 0x00000007a8500000, 0x00000007c0000000)
  eden space 208384K, 0% used [0x0000000795580000,0x0000000795580000,0x00000007a2100000)
  from space 12288K, 0% used [0x00000007a2100000,0x00000007a2100000,0x00000007a2d00000)
  to   space 11776K, 0% used [0x00000007a7980000,0x00000007a7980000,0x00000007a8500000)
 ParOldGen       total 75264K, used 18629K [0x0000000740000000, 0x0000000744980000, 0x0000000795580000)
  object space 75264K, 24% used [0x0000000740000000,0x0000000741231420,0x0000000744980000)
 Metaspace       used 34301K, capacity 35062K, committed 35416K, reserved 1079296K
  class space    used 4541K, capacity 4735K, committed 4864K, reserved 1048576K
}
Event: 20.635 GC heap before
{Heap before GC invocations=14 (full 2):
 PSYoungGen      total 220672K, used 208384K [0x0000000795580000, 0x00000007a8500000, 0x00000007c0000000)
  eden space 208384K, 100% used [0x0000000795580000,0x00000007a2100000,0x00000007a2100000)
  from space 12288K, 0% used [0x00000007a2100000,0x00000007a2100000,0x00000007a2d00000)
  to   space 11776K, 0% used [0x00000007a7980000,0x00000007a7980000,0x00000007a8500000)
 ParOldGen       total 75264K, used 18629K [0x0000000740000000, 0x0000000744980000, 0x0000000795580000)
  object space 75264K, 24% used [0x0000000740000000,0x0000000741231420,0x0000000744980000)
 Metaspace       used 45184K, capacity 46272K, committed 46592K, reserved 1089536K
  class space    used 6113K, capacity 6327K, committed 6400K, reserved 1048576K
Event: 20.708 GC heap after
Heap after GC invocations=14 (full 2):
 PSYoungGen      total 293376K, used 11761K [0x0000000795580000, 0x00000007a9480000, 0x00000007c0000000)
  eden space 281600K, 0% used [0x0000000795580000,0x0000000795580000,0x00000007a6880000)
  from space 11776K, 99% used [0x00000007a7980000,0x00000007a84fc420,0x00000007a8500000)
  to   space 17408K, 0% used [0x00000007a6880000,0x00000007a6880000,0x00000007a7980000)
 ParOldGen       total 75264K, used 29768K [0x0000000740000000, 0x0000000744980000, 0x0000000795580000)
  object space 75264K, 39% used [0x0000000740000000,0x0000000741d121c8,0x0000000744980000)
 Metaspace       used 45184K, capacity 46272K, committed 46592K, reserved 1089536K
  class space    used 6113K, capacity 6327K, committed 6400K, reserved 1048576K
}
Event: 22.715 GC heap before
{Heap before GC invocations=15 (full 2):
 PSYoungGen      total 293376K, used 170710K [0x0000000795580000, 0x00000007a9480000, 0x00000007c0000000)
  eden space 281600K, 56% used [0x0000000795580000,0x000000079f0b96e0,0x00000007a6880000)
  from space 11776K, 99% used [0x00000007a7980000,0x00000007a84fc420,0x00000007a8500000)
  to   space 17408K, 0% used [0x00000007a6880000,0x00000007a6880000,0x00000007a7980000)
 ParOldGen       total 75264K, used 29768K [0x0000000740000000, 0x0000000744980000, 0x0000000795580000)
  object space 75264K, 39% used [0x0000000740000000,0x0000000741d121c8,0x0000000744980000)
 Metaspace       used 50443K, capacity 51942K, committed 52224K, reserved 1093632K
  class space    used 6903K, capacity 7304K, committed 7424K, reserved 1048576K
Event: 22.771 GC heap after
Heap after GC invocations=15 (full 2):
 PSYoungGen      total 299008K, used 16435K [0x0000000795580000, 0x00000007a9980000, 0x00000007c0000000)
  eden space 281600K, 0% used [0x0000000795580000,0x0000000795580000,0x00000007a6880000)
  from space 17408K, 94% used [0x00000007a6880000,0x00000007a788cf88,0x00000007a7980000)
  to   space 19968K, 0% used [0x00000007a8600000,0x00000007a8600000,0x00000007a9980000)
 ParOldGen       total 75264K, used 41424K [0x0000000740000000, 0x0000000744980000, 0x0000000795580000)
  object space 75264K, 55% used [0x0000000740000000,0x0000000742874378,0x0000000744980000)
 Metaspace       used 50443K, capacity 51942K, committed 52224K, reserved 1093632K
  class space    used 6903K, capacity 7304K, committed 7424K, reserved 1048576K
}
Event: 22.771 GC heap before
{Heap before GC invocations=16 (full 3):
 PSYoungGen      total 299008K, used 16435K [0x0000000795580000, 0x00000007a9980000, 0x00000007c0000000)
  eden space 281600K, 0% used [0x0000000795580000,0x0000000795580000,0x00000007a6880000)
  from space 17408K, 94% used [0x00000007a6880000,0x00000007a788cf88,0x00000007a7980000)
  to   space 19968K, 0% used [0x00000007a8600000,0x00000007a8600000,0x00000007a9980000)
 ParOldGen       total 75264K, used 41424K [0x0000000740000000, 0x0000000744980000, 0x0000000795580000)
  object space 75264K, 55% used [0x0000000740000000,0x0000000742874378,0x0000000744980000)
 Metaspace       used 50443K, capacity 51942K, committed 52224K, reserved 1093632K
  class space    used 6903K, capacity 7304K, committed 7424K, reserved 1048576K
Event: 23.085 GC heap after
Heap after GC invocations=16 (full 3):
 PSYoungGen      total 299008K, used 0K [0x0000000795580000, 0x00000007a9980000, 0x00000007c0000000)
  eden space 281600K, 0% used [0x0000000795580000,0x0000000795580000,0x00000007a6880000)
  from space 17408K, 0% used [0x00000007a6880000,0x00000007a6880000,0x00000007a7980000)
  to   space 19968K, 0% used [0x00000007a8600000,0x00000007a8600000,0x00000007a9980000)
 ParOldGen       total 75264K, used 47054K [0x0000000740000000, 0x0000000744980000, 0x0000000795580000)
  object space 75264K, 62% used [0x0000000740000000,0x0000000742df38b8,0x0000000744980000)
 Metaspace       used 50443K, capacity 51942K, committed 52224K, reserved 1093632K
  class space    used 6903K, capacity 7304K, committed 7424K, reserved 1048576K
}

