# JRE version: Java(TM) SE Runtime Environment (8.0_65-b17) (build 1.8.0_65-b17)
# Java VM: Java HotSpot(TM) 64-Bit Server VM (25.65-b01 mixed mode bsd-amd64 compressed oops)
Heap:
 PSYoungGen      total 590336K, used 287573K [0x0000000795580000, 0x00000007c0000000, 0x00000007c0000000)
  eden space 518656K, 55% used [0x0000000795580000,0x00000007a6e556e0,0x00000007b5000000)
  from space 71680K, 0% used [0x00000007b5000000,0x00000007b5000000,0x00000007b9600000)
  to   space 97792K, 0% used [0x00000007ba080000,0x00000007ba080000,0x00000007c0000000)
 ParOldGen       total 356352K, used 184967K [0x0000000740000000, 0x0000000755c00000, 0x0000000795580000)
  object space 356352K, 51% used [0x0000000740000000,0x000000074b4a1c80,0x0000000755c00000)
 Metaspace       used 62360K, capacity 63798K, committed 64256K, reserved 1105920K
  class space    used 7957K, capacity 8326K, committed 8448K, reserved 1048576K
GC Heap History (10 events):
Event: 27.019 GC heap before
{Heap before GC invocations=19 (full 3):
 PSYoungGen      total 377856K, used 377839K [0x0000000795580000, 0x00000007b5980000, 0x00000007c0000000)
  eden space 340480K, 100% used [0x0000000795580000,0x00000007aa200000,0x00000007aa200000)
  from space 37376K, 99% used [0x00000007aa200000,0x00000007ac67bcd8,0x00000007ac680000)
  to   space 43008K, 0% used [0x00000007b2f80000,0x00000007b2f80000,0x00000007b5980000)
 ParOldGen       total 189952K, used 67388K [0x0000000740000000, 0x000000074b980000, 0x0000000795580000)
  object space 189952K, 35% used [0x0000000740000000,0x00000007441cf110,0x000000074b980000)
 Metaspace       used 62017K, capacity 63530K, committed 63744K, reserved 1103872K
  class space    used 7984K, capacity 8366K, committed 8448K, reserved 1048576K
Event: 27.138 GC heap after
Heap after GC invocations=19 (full 3):
 PSYoungGen      total 472064K, used 43005K [0x0000000795580000, 0x00000007b7a80000, 0x00000007c0000000)
  eden space 429056K, 0% used [0x0000000795580000,0x0000000795580000,0x00000007af880000)
  from space 43008K, 99% used [0x00000007b2f80000,0x00000007b597f478,0x00000007b5980000)
  to   space 56320K, 0% used [0x00000007af880000,0x00000007af880000,0x00000007b2f80000)
 ParOldGen       total 189952K, used 87649K [0x0000000740000000, 0x000000074b980000, 0x0000000795580000)
  object space 189952K, 46% used [0x0000000740000000,0x0000000745598598,0x000000074b980000)
 Metaspace       used 62017K, capacity 63530K, committed 63744K, reserved 1103872K
  class space    used 7984K, capacity 8366K, committed 8448K, reserved 1048576K
}
Event: 29.127 GC heap before
{Heap before GC invocations=20 (full 3):
 PSYoungGen      total 472064K, used 472061K [0x0000000795580000, 0x00000007b7a80000, 0x00000007c0000000)
  eden space 429056K, 100% used [0x0000000795580000,0x00000007af880000,0x00000007af880000)
  from space 43008K, 99% used [0x00000007b2f80000,0x00000007b597f478,0x00000007b5980000)
  to   space 56320K, 0% used [0x00000007af880000,0x00000007af880000,0x00000007b2f80000)
 ParOldGen       total 189952K, used 87649K [0x0000000740000000, 0x000000074b980000, 0x0000000795580000)
  object space 189952K, 46% used [0x0000000740000000,0x0000000745598598,0x000000074b980000)
 Metaspace       used 62282K, capacity 63786K, committed 64000K, reserved 1105920K
  class space    used 7985K, capacity 8366K, committed 8448K, reserved 1048576K
Event: 29.236 GC heap after
Heap after GC invocations=20 (full 3):
 PSYoungGen      total 485376K, used 53292K [0x0000000795580000, 0x00000007bd480000, 0x00000007c0000000)
  eden space 429056K, 0% used [0x0000000795580000,0x0000000795580000,0x00000007af880000)
  from space 56320K, 94% used [0x00000007af880000,0x00000007b2c8b208,0x00000007b2f80000)
  to   space 64000K, 0% used [0x00000007b9600000,0x00000007b9600000,0x00000007bd480000)
 ParOldGen       total 189952K, used 100432K [0x0000000740000000, 0x000000074b980000, 0x0000000795580000)
  object space 189952K, 52% used [0x0000000740000000,0x00000007462142f0,0x000000074b980000)
 Metaspace       used 62282K, capacity 63786K, committed 64000K, reserved 1105920K
  class space    used 7985K, capacity 8366K, committed 8448K, reserved 1048576K
}
Event: 30.459 GC heap before
{Heap before GC invocations=21 (full 3):
 PSYoungGen      total 485376K, used 482348K [0x0000000795580000, 0x00000007bd480000, 0x00000007c0000000)
  eden space 429056K, 100% used [0x0000000795580000,0x00000007af880000,0x00000007af880000)
  from space 56320K, 94% used [0x00000007af880000,0x00000007b2c8b208,0x00000007b2f80000)
  to   space 64000K, 0% used [0x00000007b9600000,0x00000007b9600000,0x00000007bd480000)
 ParOldGen       total 189952K, used 100432K [0x0000000740000000, 0x000000074b980000, 0x0000000795580000)
  object space 189952K, 52% used [0x0000000740000000,0x00000007462142f0,0x000000074b980000)
 Metaspace       used 62419K, capacity 63914K, committed 64256K, reserved 1105920K
  class space    used 7986K, capacity 8366K, committed 8448K, reserved 1048576K
Event: 30.625 GC heap after
Heap after GC invocations=21 (full 3):
 PSYoungGen      total 582656K, used 57055K [0x0000000795580000, 0x00000007bf480000, 0x00000007c0000000)
  eden space 518656K, 0% used [0x0000000795580000,0x0000000795580000,0x00000007b5000000)
  from space 64000K, 89% used [0x00000007b9600000,0x00000007bcdb7d28,0x00000007bd480000)
  to   space 71680K, 0% used [0x00000007b5000000,0x00000007b5000000,0x00000007b9600000)
 ParOldGen       total 189952K, used 131425K [0x0000000740000000, 0x000000074b980000, 0x0000000795580000)
  object space 189952K, 69% used [0x0000000740000000,0x0000000748058780,0x000000074b980000)
 Metaspace       used 62419K, capacity 63914K, committed 64256K, reserved 1105920K
  class space    used 7986K, capacity 8366K, committed 8448K, reserved 1048576K
}
Event: 31.965 GC heap before
{Heap before GC invocations=22 (full 3):
 PSYoungGen      total 582656K, used 575711K [0x0000000795580000, 0x00000007bf480000, 0x00000007c0000000)
  eden space 518656K, 100% used [0x0000000795580000,0x00000007b5000000,0x00000007b5000000)
  from space 64000K, 89% used [0x00000007b9600000,0x00000007bcdb7d28,0x00000007bd480000)
  to   space 71680K, 0% used [0x00000007b5000000,0x00000007b5000000,0x00000007b9600000)
 ParOldGen       total 189952K, used 131425K [0x0000000740000000, 0x000000074b980000, 0x0000000795580000)
  object space 189952K, 69% used [0x0000000740000000,0x0000000748058780,0x000000074b980000)
 Metaspace       used 62495K, capacity 63978K, committed 64256K, reserved 1105920K
  class space    used 7986K, capacity 8366K, committed 8448K, reserved 1048576K
Event: 32.152 GC heap after
Heap after GC invocations=22 (full 3):
 PSYoungGen      total 590336K, used 71660K [0x0000000795580000, 0x00000007c0000000, 0x00000007c0000000)
  eden space 518656K, 0% used [0x0000000795580000,0x0000000795580000,0x00000007b5000000)
  from space 71680K, 99% used [0x00000007b5000000,0x00000007b95fb090,0x00000007b9600000)
  to   space 97792K, 0% used [0x00000007ba080000,0x00000007ba080000,0x00000007c0000000)
 ParOldGen       total 189952K, used 172516K [0x0000000740000000, 0x000000074b980000, 0x0000000795580000)
  object space 189952K, 90% used [0x0000000740000000,0x000000074a879328,0x000000074b980000)
 Metaspace       used 62495K, capacity 63978K, committed 64256K, reserved 1105920K
  class space    used 7986K, capacity 8366K, committed 8448K, reserved 1048576K
}
Event: 32.152 GC heap before
{Heap before GC invocations=23 (full 4):
 PSYoungGen      total 590336K, used 71660K [0x0000000795580000, 0x00000007c0000000, 0x00000007c0000000)
  eden space 518656K, 0% used [0x0000000795580000,0x0000000795580000,0x00000007b5000000)
  from space 71680K, 99% used [0x00000007b5000000,0x00000007b95fb090,0x00000007b9600000)
  to   space 97792K, 0% used [0x00000007ba080000,0x00000007ba080000,0x00000007c0000000)
 ParOldGen       total 189952K, used 172516K [0x0000000740000000, 0x000000074b980000, 0x0000000795580000)
  object space 189952K, 90% used [0x0000000740000000,0x000000074a879328,0x000000074b980000)
 Metaspace       used 62495K, capacity 63978K, committed 64256K, reserved 1105920K
  class space    used 7986K, capacity 8366K, committed 8448K, reserved 1048576K
Event: 33.062 GC heap after
Heap after GC invocations=23 (full 4):
 PSYoungGen      total 590336K, used 0K [0x0000000795580000, 0x00000007c0000000, 0x00000007c0000000)
  eden space 518656K, 0% used [0x0000000795580000,0x0000000795580000,0x00000007b5000000)
  from space 71680K, 0% used [0x00000007b5000000,0x00000007b5000000,0x00000007b9600000)
  to   space 97792K, 0% used [0x00000007ba080000,0x00000007ba080000,0x00000007c0000000)
 ParOldGen       total 356352K, used 184967K [0x0000000740000000, 0x0000000755c00000, 0x0000000795580000)
  object space 356352K, 51% used [0x0000000740000000,0x000000074b4a1c80,0x0000000755c00000)
 Metaspace       used 62248K, capacity 63670K, committed 64256K, reserved 1105920K
  class space    used 7957K, capacity 8326K, committed 8448K, reserved 1048576K
}

