# JRE version: Java(TM) SE Runtime Environment (8.0_65-b17) (build 1.8.0_65-b17)
# Java VM: Java HotSpot(TM) 64-Bit Server VM (25.65-b01 mixed mode bsd-amd64 compressed oops)
Heap:
 PSYoungGen      total 482304K, used 41485K [0x0000000795580000, 0x00000007bfb80000, 0x00000007c0000000)
  eden space 293888K, 0% used [0x0000000795580000,0x0000000795580000,0x00000007a7480000)
  from space 188416K, 22% used [0x00000007a7480000,0x00000007a9d03750,0x00000007b2c80000)
  to   space 182784K, 0% used [0x00000007b4900000,0x00000007b4900000,0x00000007bfb80000)
 ParOldGen       total 581120K, used 515169K [0x0000000740000000, 0x0000000763780000, 0x0000000795580000)
  object space 581120K, 88% used [0x0000000740000000,0x000000075f718618,0x0000000763780000)
 Metaspace       used 80404K, capacity 89084K, committed 90624K, reserved 1128448K
  class space    used 9920K, capacity 10659K, committed 11008K, reserved 1048576K
GC Heap History (10 events):
Event: 24387.886 GC heap after
Heap after GC invocations=431 (full 78):
 PSYoungGen      total 456704K, used 36765K [0x0000000795580000, 0x00000007bfb00000, 0x00000007c0000000)
  eden space 232960K, 0% used [0x0000000795580000,0x0000000795580000,0x00000007a3900000)
  from space 223744K, 16% used [0x00000007a3900000,0x00000007a5ce76e8,0x00000007b1380000)
  to   space 216576K, 0% used [0x00000007b2780000,0x00000007b2780000,0x00000007bfb00000)
 ParOldGen       total 581120K, used 275412K [0x0000000740000000, 0x0000000763780000, 0x0000000795580000)
  object space 581120K, 47% used [0x0000000740000000,0x0000000750cf5390,0x0000000763780000)
 Metaspace       used 80404K, capacity 89084K, committed 90624K, reserved 1128448K
  class space    used 9920K, capacity 10659K, committed 11008K, reserved 1048576K
}
Event: 24388.071 GC heap before
{Heap before GC invocations=432 (full 78):
 PSYoungGen      total 456704K, used 269725K [0x0000000795580000, 0x00000007bfb00000, 0x00000007c0000000)
  eden space 232960K, 100% used [0x0000000795580000,0x00000007a3900000,0x00000007a3900000)
  from space 223744K, 16% used [0x00000007a3900000,0x00000007a5ce76e8,0x00000007b1380000)
  to   space 216576K, 0% used [0x00000007b2780000,0x00000007b2780000,0x00000007bfb00000)
 ParOldGen       total 581120K, used 275412K [0x0000000740000000, 0x0000000763780000, 0x0000000795580000)
  object space 581120K, 47% used [0x0000000740000000,0x0000000750cf5390,0x0000000763780000)
 Metaspace       used 80404K, capacity 89084K, committed 90624K, reserved 1128448K
  class space    used 9920K, capacity 10659K, committed 11008K, reserved 1048576K
Event: 24388.174 GC heap after
Heap after GC invocations=432 (full 78):
 PSYoungGen      total 452608K, used 51435K [0x0000000795580000, 0x00000007be500000, 0x00000007c0000000)
  eden space 258560K, 0% used [0x0000000795580000,0x0000000795580000,0x00000007a5200000)
  from space 194048K, 26% used [0x00000007b2780000,0x00000007b59bad78,0x00000007be500000)
  to   space 206336K, 0% used [0x00000007a5200000,0x00000007a5200000,0x00000007b1b80000)
 ParOldGen       total 581120K, used 310844K [0x0000000740000000, 0x0000000763780000, 0x0000000795580000)
  object space 581120K, 53% used [0x0000000740000000,0x0000000752f8f010,0x0000000763780000)
 Metaspace       used 80404K, capacity 89084K, committed 90624K, reserved 1128448K
  class space    used 9920K, capacity 10659K, committed 11008K, reserved 1048576K
}
Event: 24388.372 GC heap before
{Heap before GC invocations=433 (full 78):
 PSYoungGen      total 452608K, used 309995K [0x0000000795580000, 0x00000007be500000, 0x00000007c0000000)
  eden space 258560K, 100% used [0x0000000795580000,0x00000007a5200000,0x00000007a5200000)
  from space 194048K, 26% used [0x00000007b2780000,0x00000007b59bad78,0x00000007be500000)
  to   space 206336K, 0% used [0x00000007a5200000,0x00000007a5200000,0x00000007b1b80000)
 ParOldGen       total 581120K, used 310844K [0x0000000740000000, 0x0000000763780000, 0x0000000795580000)
  object space 581120K, 53% used [0x0000000740000000,0x0000000752f8f010,0x0000000763780000)
 Metaspace       used 80404K, capacity 89084K, committed 90624K, reserved 1128448K
  class space    used 9920K, capacity 10659K, committed 11008K, reserved 1048576K
Event: 24388.479 GC heap after
Heap after GC invocations=433 (full 78):
 PSYoungGen      total 464896K, used 79013K [0x0000000795580000, 0x00000007bf200000, 0x00000007c0000000)
  eden space 258560K, 0% used [0x0000000795580000,0x0000000795580000,0x00000007a5200000)
  from space 206336K, 38% used [0x00000007a5200000,0x00000007a9f29680,0x00000007b1b80000)
  to   space 195584K, 0% used [0x00000007b3300000,0x00000007b3300000,0x00000007bf200000)
 ParOldGen       total 581120K, used 359708K [0x0000000740000000, 0x0000000763780000, 0x0000000795580000)
  object space 581120K, 61% used [0x0000000740000000,0x0000000755f470d8,0x0000000763780000)
 Metaspace       used 80404K, capacity 89084K, committed 90624K, reserved 1128448K
  class space    used 9920K, capacity 10659K, committed 11008K, reserved 1048576K
}
Event: 24388.683 GC heap before
{Heap before GC invocations=434 (full 78):
 PSYoungGen      total 464896K, used 337573K [0x0000000795580000, 0x00000007bf200000, 0x00000007c0000000)
  eden space 258560K, 100% used [0x0000000795580000,0x00000007a5200000,0x00000007a5200000)
  from space 206336K, 38% used [0x00000007a5200000,0x00000007a9f29680,0x00000007b1b80000)
  to   space 195584K, 0% used [0x00000007b3300000,0x00000007b3300000,0x00000007bf200000)
 ParOldGen       total 581120K, used 360137K [0x0000000740000000, 0x0000000763780000, 0x0000000795580000)
  object space 581120K, 61% used [0x0000000740000000,0x0000000755fb2518,0x0000000763780000)
 Metaspace       used 80404K, capacity 89084K, committed 90624K, reserved 1128448K
  class space    used 9920K, capacity 10659K, committed 11008K, reserved 1048576K
Event: 24388.815 GC heap after
Heap after GC invocations=434 (full 78):
 PSYoungGen      total 475648K, used 86812K [0x0000000795580000, 0x00000007be480000, 0x00000007c0000000)
  eden space 293888K, 0% used [0x0000000795580000,0x0000000795580000,0x00000007a7480000)
  from space 181760K, 47% used [0x00000007b3300000,0x00000007b87c7260,0x00000007be480000)
  to   space 188416K, 0% used [0x00000007a7480000,0x00000007a7480000,0x00000007b2c80000)
 ParOldGen       total 581120K, used 433147K [0x0000000740000000, 0x0000000763780000, 0x0000000795580000)
  object space 581120K, 74% used [0x0000000740000000,0x000000075a6feef8,0x0000000763780000)
 Metaspace       used 80404K, capacity 89084K, committed 90624K, reserved 1128448K
  class space    used 9920K, capacity 10659K, committed 11008K, reserved 1048576K
}
Event: 24389.101 GC heap before
{Heap before GC invocations=435 (full 78):
 PSYoungGen      total 475648K, used 380700K [0x0000000795580000, 0x00000007be480000, 0x00000007c0000000)
  eden space 293888K, 100% used [0x0000000795580000,0x00000007a7480000,0x00000007a7480000)
  from space 181760K, 47% used [0x00000007b3300000,0x00000007b87c7260,0x00000007be480000)
  to   space 188416K, 0% used [0x00000007a7480000,0x00000007a7480000,0x00000007b2c80000)
 ParOldGen       total 581120K, used 433149K [0x0000000740000000, 0x0000000763780000, 0x0000000795580000)
  object space 581120K, 74% used [0x0000000740000000,0x000000075a6ff6e0,0x0000000763780000)
 Metaspace       used 80404K, capacity 89084K, committed 90624K, reserved 1128448K
  class space    used 9920K, capacity 10659K, committed 11008K, reserved 1048576K
Event: 24389.214 GC heap after
Heap after GC invocations=435 (full 78):
 PSYoungGen      total 482304K, used 41485K [0x0000000795580000, 0x00000007bfb80000, 0x00000007c0000000)
  eden space 293888K, 0% used [0x0000000795580000,0x0000000795580000,0x00000007a7480000)
  from space 188416K, 22% used [0x00000007a7480000,0x00000007a9d03750,0x00000007b2c80000)
  to   space 182784K, 0% used [0x00000007b4900000,0x00000007b4900000,0x00000007bfb80000)
 ParOldGen       total 581120K, used 515169K [0x0000000740000000, 0x0000000763780000, 0x0000000795580000)
  object space 581120K, 88% used [0x0000000740000000,0x000000075f718618,0x0000000763780000)
 Metaspace       used 80404K, capacity 89084K, committed 90624K, reserved 1128448K
  class space    used 9920K, capacity 10659K, committed 11008K, reserved 1048576K
}
Event: 24389.214 GC heap before
{Heap before GC invocations=436 (full 79):
 PSYoungGen      total 482304K, used 41485K [0x0000000795580000, 0x00000007bfb80000, 0x00000007c0000000)
  eden space 293888K, 0% used [0x0000000795580000,0x0000000795580000,0x00000007a7480000)
  from space 188416K, 22% used [0x00000007a7480000,0x00000007a9d03750,0x00000007b2c80000)
  to   space 182784K, 0% used [0x00000007b4900000,0x00000007b4900000,0x00000007bfb80000)
 ParOldGen       total 581120K, used 515169K [0x0000000740000000, 0x0000000763780000, 0x0000000795580000)
  object space 581120K, 88% used [0x0000000740000000,0x000000075f718618,0x0000000763780000)
 Metaspace       used 80404K, capacity 89084K, committed 90624K, reserved 1128448K
  class space    used 9920K, capacity 10659K, committed 11008K, reserved 1048576K

