# JRE version: Java(TM) SE Runtime Environment (8.0_65-b17) (build 1.8.0_65-b17)
# Java VM: Java HotSpot(TM) 64-Bit Server VM (25.65-b01 mixed mode bsd-amd64 compressed oops)
Heap:
 PSYoungGen      total 551424K, used 81036K [0x0000000795580000, 0x00000007c0000000, 0x00000007c0000000)
  eden space 403968K, 0% used [0x0000000795580000,0x0000000795580000,0x00000007ae000000)
  from space 147456K, 54% used [0x00000007ae000000,0x00000007b2f23138,0x00000007b7000000)
  to   space 145920K, 0% used [0x00000007b7180000,0x00000007b7180000,0x00000007c0000000)
 ParOldGen       total 505344K, used 413840K [0x0000000740000000, 0x000000075ed80000, 0x0000000795580000)
  object space 505344K, 81% used [0x0000000740000000,0x0000000759424220,0x000000075ed80000)
 Metaspace       used 59927K, capacity 61346K, committed 61696K, reserved 1103872K
  class space    used 7682K, capacity 8068K, committed 8192K, reserved 1048576K
GC Heap History (10 events):
Event: 45.243 GC heap after
Heap after GC invocations=29 (full 5):
 PSYoungGen      total 578560K, used 83417K [0x0000000795580000, 0x00000007c0000000, 0x00000007c0000000)
  eden space 475648K, 0% used [0x0000000795580000,0x0000000795580000,0x00000007b2600000)
  from space 102912K, 81% used [0x00000007b9b80000,0x00000007becf6470,0x00000007c0000000)
  to   space 111616K, 0% used [0x00000007b2600000,0x00000007b2600000,0x00000007b9300000)
 ParOldGen       total 378368K, used 242843K [0x0000000740000000, 0x0000000757180000, 0x0000000795580000)
  object space 378368K, 64% used [0x0000000740000000,0x000000074ed26d20,0x0000000757180000)
 Metaspace       used 59921K, capacity 61346K, committed 61696K, reserved 1103872K
  class space    used 7682K, capacity 8068K, committed 8192K, reserved 1048576K
}
Event: 46.478 GC heap before
{Heap before GC invocations=30 (full 5):
 PSYoungGen      total 578560K, used 559065K [0x0000000795580000, 0x00000007c0000000, 0x00000007c0000000)
  eden space 475648K, 100% used [0x0000000795580000,0x00000007b2600000,0x00000007b2600000)
  from space 102912K, 81% used [0x00000007b9b80000,0x00000007becf6470,0x00000007c0000000)
  to   space 111616K, 0% used [0x00000007b2600000,0x00000007b2600000,0x00000007b9300000)
 ParOldGen       total 378368K, used 242843K [0x0000000740000000, 0x0000000757180000, 0x0000000795580000)
  object space 378368K, 64% used [0x0000000740000000,0x000000074ed26d20,0x0000000757180000)
 Metaspace       used 59922K, capacity 61346K, committed 61696K, reserved 1103872K
  class space    used 7682K, capacity 8068K, committed 8192K, reserved 1048576K
Event: 46.635 GC heap after
Heap after GC invocations=30 (full 5):
 PSYoungGen      total 587264K, used 60213K [0x0000000795580000, 0x00000007c0000000, 0x00000007c0000000)
  eden space 475648K, 0% used [0x0000000795580000,0x0000000795580000,0x00000007b2600000)
  from space 111616K, 53% used [0x00000007b2600000,0x00000007b60cd690,0x00000007b9300000)
  to   space 110080K, 0% used [0x00000007b9480000,0x00000007b9480000,0x00000007c0000000)
 ParOldGen       total 378368K, used 309670K [0x0000000740000000, 0x0000000757180000, 0x0000000795580000)
  object space 378368K, 81% used [0x0000000740000000,0x0000000752e699e0,0x0000000757180000)
 Metaspace       used 59922K, capacity 61346K, committed 61696K, reserved 1103872K
  class space    used 7682K, capacity 8068K, committed 8192K, reserved 1048576K
}
Event: 46.635 GC heap before
{Heap before GC invocations=31 (full 6):
 PSYoungGen      total 587264K, used 60213K [0x0000000795580000, 0x00000007c0000000, 0x00000007c0000000)
  eden space 475648K, 0% used [0x0000000795580000,0x0000000795580000,0x00000007b2600000)
  from space 111616K, 53% used [0x00000007b2600000,0x00000007b60cd690,0x00000007b9300000)
  to   space 110080K, 0% used [0x00000007b9480000,0x00000007b9480000,0x00000007c0000000)
 ParOldGen       total 378368K, used 309670K [0x0000000740000000, 0x0000000757180000, 0x0000000795580000)
  object space 378368K, 81% used [0x0000000740000000,0x0000000752e699e0,0x0000000757180000)
 Metaspace       used 59922K, capacity 61346K, committed 61696K, reserved 1103872K
  class space    used 7682K, capacity 8068K, committed 8192K, reserved 1048576K
Event: 47.506 GC heap after
Heap after GC invocations=31 (full 6):
 PSYoungGen      total 587264K, used 0K [0x0000000795580000, 0x00000007c0000000, 0x00000007c0000000)
  eden space 475648K, 0% used [0x0000000795580000,0x0000000795580000,0x00000007b2600000)
  from space 111616K, 0% used [0x00000007b2600000,0x00000007b2600000,0x00000007b9300000)
  to   space 110080K, 0% used [0x00000007b9480000,0x00000007b9480000,0x00000007c0000000)
 ParOldGen       total 505344K, used 247193K [0x0000000740000000, 0x000000075ed80000, 0x0000000795580000)
  object space 505344K, 48% used [0x0000000740000000,0x000000074f1664c8,0x000000075ed80000)
 Metaspace       used 59922K, capacity 61346K, committed 61696K, reserved 1103872K
  class space    used 7682K, capacity 8068K, committed 8192K, reserved 1048576K
}
Event: 48.648 GC heap before
{Heap before GC invocations=32 (full 6):
 PSYoungGen      total 587264K, used 475648K [0x0000000795580000, 0x00000007c0000000, 0x00000007c0000000)
  eden space 475648K, 100% used [0x0000000795580000,0x00000007b2600000,0x00000007b2600000)
  from space 111616K, 0% used [0x00000007b2600000,0x00000007b2600000,0x00000007b9300000)
  to   space 110080K, 0% used [0x00000007b9480000,0x00000007b9480000,0x00000007c0000000)
 ParOldGen       total 505344K, used 247193K [0x0000000740000000, 0x000000075ed80000, 0x0000000795580000)
  object space 505344K, 48% used [0x0000000740000000,0x000000074f1664c8,0x000000075ed80000)
 Metaspace       used 59925K, capacity 61346K, committed 61696K, reserved 1103872K
  class space    used 7682K, capacity 8068K, committed 8192K, reserved 1048576K
Event: 48.797 GC heap after
Heap after GC invocations=32 (full 6):
 PSYoungGen      total 514048K, used 110054K [0x0000000795580000, 0x00000007c0000000, 0x00000007c0000000)
  eden space 403968K, 0% used [0x0000000795580000,0x0000000795580000,0x00000007ae000000)
  from space 110080K, 99% used [0x00000007b9480000,0x00000007bfff9988,0x00000007c0000000)
  to   space 147456K, 0% used [0x00000007ae000000,0x00000007ae000000,0x00000007b7000000)
 ParOldGen       total 505344K, used 304022K [0x0000000740000000, 0x000000075ed80000, 0x0000000795580000)
  object space 505344K, 60% used [0x0000000740000000,0x00000007528e5aa0,0x000000075ed80000)
 Metaspace       used 59925K, capacity 61346K, committed 61696K, reserved 1103872K
  class space    used 7682K, capacity 8068K, committed 8192K, reserved 1048576K
}
Event: 49.731 GC heap before
{Heap before GC invocations=33 (full 6):
 PSYoungGen      total 514048K, used 514022K [0x0000000795580000, 0x00000007c0000000, 0x00000007c0000000)
  eden space 403968K, 100% used [0x0000000795580000,0x00000007ae000000,0x00000007ae000000)
  from space 110080K, 99% used [0x00000007b9480000,0x00000007bfff9988,0x00000007c0000000)
  to   space 147456K, 0% used [0x00000007ae000000,0x00000007ae000000,0x00000007b7000000)
 ParOldGen       total 505344K, used 304022K [0x0000000740000000, 0x000000075ed80000, 0x0000000795580000)
  object space 505344K, 60% used [0x0000000740000000,0x00000007528e5aa0,0x000000075ed80000)
 Metaspace       used 59927K, capacity 61346K, committed 61696K, reserved 1103872K
  class space    used 7682K, capacity 8068K, committed 8192K, reserved 1048576K
Event: 49.986 GC heap after
Heap after GC invocations=33 (full 6):
 PSYoungGen      total 551424K, used 81036K [0x0000000795580000, 0x00000007c0000000, 0x00000007c0000000)
  eden space 403968K, 0% used [0x0000000795580000,0x0000000795580000,0x00000007ae000000)
  from space 147456K, 54% used [0x00000007ae000000,0x00000007b2f23138,0x00000007b7000000)
  to   space 145920K, 0% used [0x00000007b7180000,0x00000007b7180000,0x00000007c0000000)
 ParOldGen       total 505344K, used 413840K [0x0000000740000000, 0x000000075ed80000, 0x0000000795580000)
  object space 505344K, 81% used [0x0000000740000000,0x0000000759424220,0x000000075ed80000)
 Metaspace       used 59927K, capacity 61346K, committed 61696K, reserved 1103872K
  class space    used 7682K, capacity 8068K, committed 8192K, reserved 1048576K
}
Event: 49.986 GC heap before
{Heap before GC invocations=34 (full 7):
 PSYoungGen      total 551424K, used 81036K [0x0000000795580000, 0x00000007c0000000, 0x00000007c0000000)
  eden space 403968K, 0% used [0x0000000795580000,0x0000000795580000,0x00000007ae000000)
  from space 147456K, 54% used [0x00000007ae000000,0x00000007b2f23138,0x00000007b7000000)
  to   space 145920K, 0% used [0x00000007b7180000,0x00000007b7180000,0x00000007c0000000)
 ParOldGen       total 505344K, used 413840K [0x0000000740000000, 0x000000075ed80000, 0x0000000795580000)
  object space 505344K, 81% used [0x0000000740000000,0x0000000759424220,0x000000075ed80000)
 Metaspace       used 59927K, capacity 61346K, committed 61696K, reserved 1103872K
  class space    used 7682K, capacity 8068K, committed 8192K, reserved 1048576K

