# JRE version: Java(TM) SE Runtime Environment (8.0_65-b17) (build 1.8.0_65-b17)
# Java VM: Java HotSpot(TM) 64-Bit Server VM (25.65-b01 mixed mode bsd-amd64 compressed oops)
Heap:
 PSYoungGen      total 481280K, used 224708K [0x0000000795580000, 0x00000007ba280000, 0x00000007c0000000)
  eden space 410112K, 37% used [0x0000000795580000,0x000000079eb719c0,0x00000007ae600000)
  from space 71168K, 99% used [0x00000007b3980000,0x00000007b7eff678,0x00000007b7f00000)
  to   space 85504K, 0% used [0x00000007ae600000,0x00000007ae600000,0x00000007b3980000)
 ParOldGen       total 228864K, used 114603K [0x0000000740000000, 0x000000074df80000, 0x0000000795580000)
  object space 228864K, 50% used [0x0000000740000000,0x0000000746feadd8,0x000000074df80000)
 Metaspace       used 57734K, capacity 58890K, committed 59136K, reserved 1099776K
  class space    used 7604K, capacity 7933K, committed 7936K, reserved 1048576K
GC Heap History (10 events):
Event: 20.205 GC heap before
{Heap before GC invocations=13 (full 2):
 PSYoungGen      total 256000K, used 255969K [0x0000000795580000, 0x00000007a9400000, 0x00000007c0000000)
  eden space 224256K, 100% used [0x0000000795580000,0x00000007a3080000,0x00000007a3080000)
  from space 31744K, 99% used [0x00000007a5980000,0x00000007a7878590,0x00000007a7880000)
  to   space 41984K, 0% used [0x00000007a3080000,0x00000007a3080000,0x00000007a5980000)
 ParOldGen       total 107520K, used 61436K [0x0000000740000000, 0x0000000746900000, 0x0000000795580000)
  object space 107520K, 57% used [0x0000000740000000,0x0000000743bff260,0x0000000746900000)
 Metaspace       used 57334K, capacity 58512K, committed 58624K, reserved 1099776K
  class space    used 7602K, capacity 7935K, committed 7936K, reserved 1048576K
Event: 20.374 GC heap after
Heap after GC invocations=13 (full 2):
 PSYoungGen      total 266240K, used 41962K [0x0000000795580000, 0x00000007afa80000, 0x00000007c0000000)
  eden space 224256K, 0% used [0x0000000795580000,0x0000000795580000,0x00000007a3080000)
  from space 41984K, 99% used [0x00000007a3080000,0x00000007a597aa48,0x00000007a5980000)
  to   space 56320K, 0% used [0x00000007ac380000,0x00000007ac380000,0x00000007afa80000)
 ParOldGen       total 107520K, used 82364K [0x0000000740000000, 0x0000000746900000, 0x0000000795580000)
  object space 107520K, 76% used [0x0000000740000000,0x000000074506f330,0x0000000746900000)
 Metaspace       used 57334K, capacity 58512K, committed 58624K, reserved 1099776K
  class space    used 7602K, capacity 7935K, committed 7936K, reserved 1048576K
}
Event: 21.370 GC heap before
{Heap before GC invocations=14 (full 2):
 PSYoungGen      total 266240K, used 266218K [0x0000000795580000, 0x00000007afa80000, 0x00000007c0000000)
  eden space 224256K, 100% used [0x0000000795580000,0x00000007a3080000,0x00000007a3080000)
  from space 41984K, 99% used [0x00000007a3080000,0x00000007a597aa48,0x00000007a5980000)
  to   space 56320K, 0% used [0x00000007ac380000,0x00000007ac380000,0x00000007afa80000)
 ParOldGen       total 107520K, used 82364K [0x0000000740000000, 0x0000000746900000, 0x0000000795580000)
  object space 107520K, 76% used [0x0000000740000000,0x000000074506f330,0x0000000746900000)
 Metaspace       used 57422K, capacity 58576K, committed 58624K, reserved 1099776K
  class space    used 7602K, capacity 7935K, committed 7936K, reserved 1048576K
Event: 21.644 GC heap after
Heap after GC invocations=14 (full 2):
 PSYoungGen      total 359424K, used 56298K [0x0000000795580000, 0x00000007b2500000, 0x00000007c0000000)
  eden space 303104K, 0% used [0x0000000795580000,0x0000000795580000,0x00000007a7d80000)
  from space 56320K, 99% used [0x00000007ac380000,0x00000007afa7a840,0x00000007afa80000)
  to   space 71680K, 0% used [0x00000007a7d80000,0x00000007a7d80000,0x00000007ac380000)
 ParOldGen       total 107520K, used 98962K [0x0000000740000000, 0x0000000746900000, 0x0000000795580000)
  object space 107520K, 92% used [0x0000000740000000,0x00000007460a4a30,0x0000000746900000)
 Metaspace       used 57422K, capacity 58576K, committed 58624K, reserved 1099776K
  class space    used 7602K, capacity 7935K, committed 7936K, reserved 1048576K
}
Event: 21.644 GC heap before
{Heap before GC invocations=15 (full 3):
 PSYoungGen      total 359424K, used 56298K [0x0000000795580000, 0x00000007b2500000, 0x00000007c0000000)
  eden space 303104K, 0% used [0x0000000795580000,0x0000000795580000,0x00000007a7d80000)
  from space 56320K, 99% used [0x00000007ac380000,0x00000007afa7a840,0x00000007afa80000)
  to   space 71680K, 0% used [0x00000007a7d80000,0x00000007a7d80000,0x00000007ac380000)
 ParOldGen       total 107520K, used 98962K [0x0000000740000000, 0x0000000746900000, 0x0000000795580000)
  object space 107520K, 92% used [0x0000000740000000,0x00000007460a4a30,0x0000000746900000)
 Metaspace       used 57422K, capacity 58576K, committed 58624K, reserved 1099776K
  class space    used 7602K, capacity 7935K, committed 7936K, reserved 1048576K
Event: 22.955 GC heap after
Heap after GC invocations=15 (full 3):
 PSYoungGen      total 359424K, used 17074K [0x0000000795580000, 0x00000007b2500000, 0x00000007c0000000)
  eden space 303104K, 0% used [0x0000000795580000,0x0000000795580000,0x00000007a7d80000)
  from space 56320K, 30% used [0x00000007ac380000,0x00000007ad42caa0,0x00000007afa80000)
  to   space 71680K, 0% used [0x00000007a7d80000,0x00000007a7d80000,0x00000007ac380000)
 ParOldGen       total 228864K, used 107200K [0x0000000740000000, 0x000000074df80000, 0x0000000795580000)
  object space 228864K, 46% used [0x0000000740000000,0x00000007468b02b8,0x000000074df80000)
 Metaspace       used 57419K, capacity 58570K, committed 58624K, reserved 1099776K
  class space    used 7602K, capacity 7933K, committed 7936K, reserved 1048576K
}
Event: 24.407 GC heap before
{Heap before GC invocations=16 (full 3):
 PSYoungGen      total 359424K, used 320178K [0x0000000795580000, 0x00000007b2500000, 0x00000007c0000000)
  eden space 303104K, 100% used [0x0000000795580000,0x00000007a7d80000,0x00000007a7d80000)
  from space 56320K, 30% used [0x00000007ac380000,0x00000007ad42caa0,0x00000007afa80000)
  to   space 71680K, 0% used [0x00000007a7d80000,0x00000007a7d80000,0x00000007ac380000)
 ParOldGen       total 228864K, used 107200K [0x0000000740000000, 0x000000074df80000, 0x0000000795580000)
  object space 228864K, 46% used [0x0000000740000000,0x00000007468b02b8,0x000000074df80000)
 Metaspace       used 57643K, capacity 58826K, committed 58880K, reserved 1099776K
  class space    used 7602K, capacity 7933K, committed 7936K, reserved 1048576K
Event: 24.561 GC heap after
Heap after GC invocations=16 (full 3):
 PSYoungGen      total 374784K, used 37451K [0x0000000795580000, 0x00000007b7f00000, 0x00000007c0000000)
  eden space 303104K, 0% used [0x0000000795580000,0x0000000795580000,0x00000007a7d80000)
  from space 71680K, 52% used [0x00000007a7d80000,0x00000007aa212c50,0x00000007ac380000)
  to   space 71168K, 0% used [0x00000007b3980000,0x00000007b3980000,0x00000007b7f00000)
 ParOldGen       total 228864K, used 107224K [0x0000000740000000, 0x000000074df80000, 0x0000000795580000)
  object space 228864K, 46% used [0x0000000740000000,0x00000007468b62b8,0x000000074df80000)
 Metaspace       used 57643K, capacity 58826K, committed 58880K, reserved 1099776K
  class space    used 7602K, capacity 7933K, committed 7936K, reserved 1048576K
}
Event: 25.663 GC heap before
{Heap before GC invocations=17 (full 3):
 PSYoungGen      total 374784K, used 340555K [0x0000000795580000, 0x00000007b7f00000, 0x00000007c0000000)
  eden space 303104K, 100% used [0x0000000795580000,0x00000007a7d80000,0x00000007a7d80000)
  from space 71680K, 52% used [0x00000007a7d80000,0x00000007aa212c50,0x00000007ac380000)
  to   space 71168K, 0% used [0x00000007b3980000,0x00000007b3980000,0x00000007b7f00000)
 ParOldGen       total 228864K, used 107224K [0x0000000740000000, 0x000000074df80000, 0x0000000795580000)
  object space 228864K, 46% used [0x0000000740000000,0x00000007468b62b8,0x000000074df80000)
 Metaspace       used 57689K, capacity 58826K, committed 58880K, reserved 1099776K
  class space    used 7604K, capacity 7933K, committed 7936K, reserved 1048576K
Event: 25.876 GC heap after
Heap after GC invocations=17 (full 3):
 PSYoungGen      total 481280K, used 71165K [0x0000000795580000, 0x00000007ba280000, 0x00000007c0000000)
  eden space 410112K, 0% used [0x0000000795580000,0x0000000795580000,0x00000007ae600000)
  from space 71168K, 99% used [0x00000007b3980000,0x00000007b7eff678,0x00000007b7f00000)
  to   space 85504K, 0% used [0x00000007ae600000,0x00000007ae600000,0x00000007b3980000)
 ParOldGen       total 228864K, used 114603K [0x0000000740000000, 0x000000074df80000, 0x0000000795580000)
  object space 228864K, 50% used [0x0000000740000000,0x0000000746feadd8,0x000000074df80000)
 Metaspace       used 57689K, capacity 58826K, committed 58880K, reserved 1099776K
  class space    used 7604K, capacity 7933K, committed 7936K, reserved 1048576K
}

