# JRE version: Java(TM) SE Runtime Environment (8.0_65-b17) (build 1.8.0_65-b17)
# Java VM: Java HotSpot(TM) 64-Bit Server VM (25.65-b01 mixed mode bsd-amd64 compressed oops)
Heap:
 PSYoungGen      total 544768K, used 87800K [0x0000000795580000, 0x00000007c0000000, 0x00000007c0000000)
  eden space 419328K, 0% used [0x0000000795580000,0x0000000795580000,0x00000007aef00000)
  from space 125440K, 69% used [0x00000007b8580000,0x00000007bdb3e2a8,0x00000007c0000000)
  to   space 139776K, 0% used [0x00000007aef00000,0x00000007aef00000,0x00000007b7780000)
 ParOldGen       total 198144K, used 174471K [0x0000000740000000, 0x000000074c180000, 0x0000000795580000)
  object space 198144K, 88% used [0x0000000740000000,0x000000074aa61c08,0x000000074c180000)
 Metaspace       used 64360K, capacity 66402K, committed 66432K, reserved 1107968K
  class space    used 8130K, capacity 8570K, committed 8576K, reserved 1048576K
GC Heap History (10 events):
Event: 50.841 GC heap after
Heap after GC invocations=22 (full 4):
 PSYoungGen      total 429056K, used 62968K [0x0000000795580000, 0x00000007b5000000, 0x00000007c0000000)
  eden space 366080K, 0% used [0x0000000795580000,0x0000000795580000,0x00000007abb00000)
  from space 62976K, 99% used [0x00000007b0d00000,0x00000007b4a7e248,0x00000007b4a80000)
  to   space 76288K, 0% used [0x00000007abb00000,0x00000007abb00000,0x00000007b0580000)
 ParOldGen       total 198144K, used 79752K [0x0000000740000000, 0x000000074c180000, 0x0000000795580000)
  object space 198144K, 40% used [0x0000000740000000,0x0000000744de2070,0x000000074c180000)
 Metaspace       used 63788K, capacity 65890K, committed 65920K, reserved 1105920K
  class space    used 8128K, capacity 8570K, committed 8576K, reserved 1048576K
}
Event: 52.366 GC heap before
{Heap before GC invocations=23 (full 4):
 PSYoungGen      total 429056K, used 429048K [0x0000000795580000, 0x00000007b5000000, 0x00000007c0000000)
  eden space 366080K, 100% used [0x0000000795580000,0x00000007abb00000,0x00000007abb00000)
  from space 62976K, 99% used [0x00000007b0d00000,0x00000007b4a7e248,0x00000007b4a80000)
  to   space 76288K, 0% used [0x00000007abb00000,0x00000007abb00000,0x00000007b0580000)
 ParOldGen       total 198144K, used 79752K [0x0000000740000000, 0x000000074c180000, 0x0000000795580000)
  object space 198144K, 40% used [0x0000000740000000,0x0000000744de2070,0x000000074c180000)
 Metaspace       used 64002K, capacity 66082K, committed 66176K, reserved 1107968K
  class space    used 8129K, capacity 8570K, committed 8576K, reserved 1048576K
Event: 52.640 GC heap after
Heap after GC invocations=23 (full 4):
 PSYoungGen      total 442368K, used 76284K [0x0000000795580000, 0x00000007be380000, 0x00000007c0000000)
  eden space 366080K, 0% used [0x0000000795580000,0x0000000795580000,0x00000007abb00000)
  from space 76288K, 99% used [0x00000007abb00000,0x00000007b057f2e0,0x00000007b0580000)
  to   space 93696K, 0% used [0x00000007b8800000,0x00000007b8800000,0x00000007be380000)
 ParOldGen       total 198144K, used 92373K [0x0000000740000000, 0x000000074c180000, 0x0000000795580000)
  object space 198144K, 46% used [0x0000000740000000,0x0000000745a35788,0x000000074c180000)
 Metaspace       used 64002K, capacity 66082K, committed 66176K, reserved 1107968K
  class space    used 8129K, capacity 8570K, committed 8576K, reserved 1048576K
}
Event: 53.835 GC heap before
{Heap before GC invocations=24 (full 4):
 PSYoungGen      total 442368K, used 442364K [0x0000000795580000, 0x00000007be380000, 0x00000007c0000000)
  eden space 366080K, 100% used [0x0000000795580000,0x00000007abb00000,0x00000007abb00000)
  from space 76288K, 99% used [0x00000007abb00000,0x00000007b057f2e0,0x00000007b0580000)
  to   space 93696K, 0% used [0x00000007b8800000,0x00000007b8800000,0x00000007be380000)
 ParOldGen       total 198144K, used 92373K [0x0000000740000000, 0x000000074c180000, 0x0000000795580000)
  object space 198144K, 46% used [0x0000000740000000,0x0000000745a35788,0x000000074c180000)
 Metaspace       used 64118K, capacity 66146K, committed 66176K, reserved 1107968K
  class space    used 8130K, capacity 8570K, committed 8576K, reserved 1048576K
Event: 54.160 GC heap after
Heap after GC invocations=24 (full 4):
 PSYoungGen      total 554496K, used 93692K [0x0000000795580000, 0x00000007c0000000, 0x00000007c0000000)
  eden space 460800K, 0% used [0x0000000795580000,0x0000000795580000,0x00000007b1780000)
  from space 93696K, 99% used [0x00000007b8800000,0x00000007be37f390,0x00000007be380000)
  to   space 115200K, 0% used [0x00000007b1780000,0x00000007b1780000,0x00000007b8800000)
 ParOldGen       total 198144K, used 106129K [0x0000000740000000, 0x000000074c180000, 0x0000000795580000)
  object space 198144K, 53% used [0x0000000740000000,0x00000007467a4680,0x000000074c180000)
 Metaspace       used 64118K, capacity 66146K, committed 66176K, reserved 1107968K
  class space    used 8130K, capacity 8570K, committed 8576K, reserved 1048576K
}
Event: 55.610 GC heap before
{Heap before GC invocations=25 (full 4):
 PSYoungGen      total 554496K, used 554492K [0x0000000795580000, 0x00000007c0000000, 0x00000007c0000000)
  eden space 460800K, 100% used [0x0000000795580000,0x00000007b1780000,0x00000007b1780000)
  from space 93696K, 99% used [0x00000007b8800000,0x00000007be37f390,0x00000007be380000)
  to   space 115200K, 0% used [0x00000007b1780000,0x00000007b1780000,0x00000007b8800000)
 ParOldGen       total 198144K, used 106129K [0x0000000740000000, 0x000000074c180000, 0x0000000795580000)
  object space 198144K, 53% used [0x0000000740000000,0x00000007467a4680,0x000000074c180000)
 Metaspace       used 64268K, capacity 66338K, committed 66432K, reserved 1107968K
  class space    used 8130K, capacity 8570K, committed 8576K, reserved 1048576K
Event: 55.942 GC heap after
Heap after GC invocations=25 (full 4):
 PSYoungGen      total 573440K, used 112466K [0x0000000795580000, 0x00000007c0000000, 0x00000007c0000000)
  eden space 460800K, 0% used [0x0000000795580000,0x0000000795580000,0x00000007b1780000)
  from space 112640K, 99% used [0x00000007b1780000,0x00000007b8554940,0x00000007b8580000)
  to   space 125440K, 0% used [0x00000007b8580000,0x00000007b8580000,0x00000007c0000000)
 ParOldGen       total 198144K, used 125581K [0x0000000740000000, 0x000000074c180000, 0x0000000795580000)
  object space 198144K, 63% used [0x0000000740000000,0x0000000747aa35b0,0x000000074c180000)
 Metaspace       used 64268K, capacity 66338K, committed 66432K, reserved 1107968K
  class space    used 8130K, capacity 8570K, committed 8576K, reserved 1048576K
}
Event: 57.508 GC heap before
{Heap before GC invocations=26 (full 4):
 PSYoungGen      total 573440K, used 573266K [0x0000000795580000, 0x00000007c0000000, 0x00000007c0000000)
  eden space 460800K, 100% used [0x0000000795580000,0x00000007b1780000,0x00000007b1780000)
  from space 112640K, 99% used [0x00000007b1780000,0x00000007b8554940,0x00000007b8580000)
  to   space 125440K, 0% used [0x00000007b8580000,0x00000007b8580000,0x00000007c0000000)
 ParOldGen       total 198144K, used 125581K [0x0000000740000000, 0x000000074c180000, 0x0000000795580000)
  object space 198144K, 63% used [0x0000000740000000,0x0000000747aa35b0,0x000000074c180000)
 Metaspace       used 64360K, capacity 66402K, committed 66432K, reserved 1107968K
  class space    used 8130K, capacity 8570K, committed 8576K, reserved 1048576K
Event: 57.836 GC heap after
Heap after GC invocations=26 (full 4):
 PSYoungGen      total 544768K, used 87800K [0x0000000795580000, 0x00000007c0000000, 0x00000007c0000000)
  eden space 419328K, 0% used [0x0000000795580000,0x0000000795580000,0x00000007aef00000)
  from space 125440K, 69% used [0x00000007b8580000,0x00000007bdb3e2a8,0x00000007c0000000)
  to   space 139776K, 0% used [0x00000007aef00000,0x00000007aef00000,0x00000007b7780000)
 ParOldGen       total 198144K, used 174471K [0x0000000740000000, 0x000000074c180000, 0x0000000795580000)
  object space 198144K, 88% used [0x0000000740000000,0x000000074aa61c08,0x000000074c180000)
 Metaspace       used 64360K, capacity 66402K, committed 66432K, reserved 1107968K
  class space    used 8130K, capacity 8570K, committed 8576K, reserved 1048576K
}
Event: 57.836 GC heap before
{Heap before GC invocations=27 (full 5):
 PSYoungGen      total 544768K, used 87800K [0x0000000795580000, 0x00000007c0000000, 0x00000007c0000000)
  eden space 419328K, 0% used [0x0000000795580000,0x0000000795580000,0x00000007aef00000)
  from space 125440K, 69% used [0x00000007b8580000,0x00000007bdb3e2a8,0x00000007c0000000)
  to   space 139776K, 0% used [0x00000007aef00000,0x00000007aef00000,0x00000007b7780000)
 ParOldGen       total 198144K, used 174471K [0x0000000740000000, 0x000000074c180000, 0x0000000795580000)
  object space 198144K, 88% used [0x0000000740000000,0x000000074aa61c08,0x000000074c180000)
 Metaspace       used 64360K, capacity 66402K, committed 66432K, reserved 1107968K
  class space    used 8130K, capacity 8570K, committed 8576K, reserved 1048576K

