# JRE version: Java(TM) SE Runtime Environment (8.0_65-b17) (build 1.8.0_65-b17)
# Java VM: Java HotSpot(TM) 64-Bit Server VM (25.65-b01 mixed mode bsd-amd64 compressed oops)
Heap:
 PSYoungGen      total 531456K, used 364032K [0x0000000795580000, 0x00000007c0000000, 0x00000007c0000000)
  eden space 364032K, 100% used [0x0000000795580000,0x00000007ab900000,0x00000007ab900000)
  from space 167424K, 0% used [0x00000007ab900000,0x00000007ab900000,0x00000007b5c80000)
  to   space 162304K, 13% used [0x00000007b6180000,0x00000007b76afb50,0x00000007c0000000)
 ParOldGen       total 747008K, used 60311K [0x0000000740000000, 0x000000076d980000, 0x0000000795580000)
  object space 747008K, 8% used [0x0000000740000000,0x0000000743ae5dc0,0x000000076d980000)
 Metaspace       used 62161K, capacity 63804K, committed 64088K, reserved 1105920K
  class space    used 7886K, capacity 8267K, committed 8320K, reserved 1048576K
GC Heap History (10 events):
Event: 62.779 GC heap after
Heap after GC invocations=46 (full 8):
 PSYoungGen      total 547840K, used 51315K [0x0000000795580000, 0x00000007bf500000, 0x00000007c0000000)
  eden space 407552K, 0% used [0x0000000795580000,0x0000000795580000,0x00000007ae380000)
  from space 140288K, 36% used [0x00000007b6c00000,0x00000007b9e1ce78,0x00000007bf500000)
  to   space 139776K, 0% used [0x00000007ae380000,0x00000007ae380000,0x00000007b6c00000)
 ParOldGen       total 747008K, used 498613K [0x0000000740000000, 0x000000076d980000, 0x0000000795580000)
  object space 747008K, 66% used [0x0000000740000000,0x000000075e6ed738,0x000000076d980000)
 Metaspace       used 60044K, capacity 61488K, committed 61656K, reserved 1103872K
  class space    used 7687K, capacity 8069K, committed 8192K, reserved 1048576K
}
Event: 63.709 GC heap before
{Heap before GC invocations=47 (full 8):
 PSYoungGen      total 547840K, used 458867K [0x0000000795580000, 0x00000007bf500000, 0x00000007c0000000)
  eden space 407552K, 100% used [0x0000000795580000,0x00000007ae380000,0x00000007ae380000)
  from space 140288K, 36% used [0x00000007b6c00000,0x00000007b9e1ce78,0x00000007bf500000)
  to   space 139776K, 0% used [0x00000007ae380000,0x00000007ae380000,0x00000007b6c00000)
 ParOldGen       total 747008K, used 498632K [0x0000000740000000, 0x000000076d980000, 0x0000000795580000)
  object space 747008K, 66% used [0x0000000740000000,0x000000075e6f2018,0x000000076d980000)
 Metaspace       used 60045K, capacity 61488K, committed 61656K, reserved 1103872K
  class space    used 7687K, capacity 8069K, committed 8192K, reserved 1048576K
Event: 63.828 GC heap after
Heap after GC invocations=47 (full 8):
 PSYoungGen      total 547328K, used 102795K [0x0000000795580000, 0x00000007c0000000, 0x00000007c0000000)
  eden space 407552K, 0% used [0x0000000795580000,0x0000000795580000,0x00000007ae380000)
  from space 139776K, 73% used [0x00000007ae380000,0x00000007b47e2f00,0x00000007b6c00000)
  to   space 145408K, 0% used [0x00000007b7200000,0x00000007b7200000,0x00000007c0000000)
 ParOldGen       total 747008K, used 498632K [0x0000000740000000, 0x000000076d980000, 0x0000000795580000)
  object space 747008K, 66% used [0x0000000740000000,0x000000075e6f2018,0x000000076d980000)
 Metaspace       used 60045K, capacity 61488K, committed 61656K, reserved 1103872K
  class space    used 7687K, capacity 8069K, committed 8192K, reserved 1048576K
}
Event: 64.778 GC heap before
{Heap before GC invocations=48 (full 8):
 PSYoungGen      total 547328K, used 510347K [0x0000000795580000, 0x00000007c0000000, 0x00000007c0000000)
  eden space 407552K, 100% used [0x0000000795580000,0x00000007ae380000,0x00000007ae380000)
  from space 139776K, 73% used [0x00000007ae380000,0x00000007b47e2f00,0x00000007b6c00000)
  to   space 145408K, 0% used [0x00000007b7200000,0x00000007b7200000,0x00000007c0000000)
 ParOldGen       total 747008K, used 498632K [0x0000000740000000, 0x000000076d980000, 0x0000000795580000)
  object space 747008K, 66% used [0x0000000740000000,0x000000075e6f2018,0x000000076d980000)
 Metaspace       used 60045K, capacity 61488K, committed 61656K, reserved 1103872K
  class space    used 7687K, capacity 8069K, committed 8192K, reserved 1048576K
Event: 64.966 GC heap after
Heap after GC invocations=48 (full 8):
 PSYoungGen      total 509440K, used 145381K [0x0000000795580000, 0x00000007c0000000, 0x00000007c0000000)
  eden space 364032K, 0% used [0x0000000795580000,0x0000000795580000,0x00000007ab900000)
  from space 145408K, 99% used [0x00000007b7200000,0x00000007bfff97f0,0x00000007c0000000)
  to   space 167424K, 0% used [0x00000007ab900000,0x00000007ab900000,0x00000007b5c80000)
 ParOldGen       total 747008K, used 505646K [0x0000000740000000, 0x000000076d980000, 0x0000000795580000)
  object space 747008K, 67% used [0x0000000740000000,0x000000075edcbaf8,0x000000076d980000)
 Metaspace       used 60045K, capacity 61488K, committed 61656K, reserved 1103872K
  class space    used 7687K, capacity 8069K, committed 8192K, reserved 1048576K
}
Event: 71.871 GC heap before
{Heap before GC invocations=49 (full 8):
 PSYoungGen      total 509440K, used 350737K [0x0000000795580000, 0x00000007c0000000, 0x00000007c0000000)
  eden space 364032K, 56% used [0x0000000795580000,0x00000007a1e0b000,0x00000007ab900000)
  from space 145408K, 99% used [0x00000007b7200000,0x00000007bfff97f0,0x00000007c0000000)
  to   space 167424K, 0% used [0x00000007ab900000,0x00000007ab900000,0x00000007b5c80000)
 ParOldGen       total 747008K, used 505646K [0x0000000740000000, 0x000000076d980000, 0x0000000795580000)
  object space 747008K, 67% used [0x0000000740000000,0x000000075edcbaf8,0x000000076d980000)
 Metaspace       used 61149K, capacity 62612K, committed 62808K, reserved 1103872K
  class space    used 7842K, capacity 8203K, committed 8320K, reserved 1048576K
Event: 72.024 GC heap after
Heap after GC invocations=49 (full 8):
 PSYoungGen      total 531456K, used 58966K [0x0000000795580000, 0x00000007c0000000, 0x00000007c0000000)
  eden space 364032K, 0% used [0x0000000795580000,0x0000000795580000,0x00000007ab900000)
  from space 167424K, 35% used [0x00000007ab900000,0x00000007af295810,0x00000007b5c80000)
  to   space 162304K, 0% used [0x00000007b6180000,0x00000007b6180000,0x00000007c0000000)
 ParOldGen       total 747008K, used 543806K [0x0000000740000000, 0x000000076d980000, 0x0000000795580000)
  object space 747008K, 72% used [0x0000000740000000,0x000000076130f8b8,0x000000076d980000)
 Metaspace       used 61149K, capacity 62612K, committed 62808K, reserved 1103872K
  class space    used 7842K, capacity 8203K, committed 8320K, reserved 1048576K
}
Event: 72.024 GC heap before
{Heap before GC invocations=50 (full 9):
 PSYoungGen      total 531456K, used 58966K [0x0000000795580000, 0x00000007c0000000, 0x00000007c0000000)
  eden space 364032K, 0% used [0x0000000795580000,0x0000000795580000,0x00000007ab900000)
  from space 167424K, 35% used [0x00000007ab900000,0x00000007af295810,0x00000007b5c80000)
  to   space 162304K, 0% used [0x00000007b6180000,0x00000007b6180000,0x00000007c0000000)
 ParOldGen       total 747008K, used 543806K [0x0000000740000000, 0x000000076d980000, 0x0000000795580000)
  object space 747008K, 72% used [0x0000000740000000,0x000000076130f8b8,0x000000076d980000)
 Metaspace       used 61149K, capacity 62612K, committed 62808K, reserved 1103872K
  class space    used 7842K, capacity 8203K, committed 8320K, reserved 1048576K
Event: 72.491 GC heap after
Heap after GC invocations=50 (full 9):
 PSYoungGen      total 531456K, used 0K [0x0000000795580000, 0x00000007c0000000, 0x00000007c0000000)
  eden space 364032K, 0% used [0x0000000795580000,0x0000000795580000,0x00000007ab900000)
  from space 167424K, 0% used [0x00000007ab900000,0x00000007ab900000,0x00000007b5c80000)
  to   space 162304K, 0% used [0x00000007b6180000,0x00000007b6180000,0x00000007c0000000)
 ParOldGen       total 747008K, used 60303K [0x0000000740000000, 0x000000076d980000, 0x0000000795580000)
  object space 747008K, 8% used [0x0000000740000000,0x0000000743ae3dc0,0x000000076d980000)
 Metaspace       used 61149K, capacity 62612K, committed 62808K, reserved 1103872K
  class space    used 7842K, capacity 8203K, committed 8320K, reserved 1048576K
}
Event: 326.466 GC heap before
{Heap before GC invocations=51 (full 9):
 PSYoungGen      total 531456K, used 364032K [0x0000000795580000, 0x00000007c0000000, 0x00000007c0000000)
  eden space 364032K, 100% used [0x0000000795580000,0x00000007ab900000,0x00000007ab900000)
  from space 167424K, 0% used [0x00000007ab900000,0x00000007ab900000,0x00000007b5c80000)
  to   space 162304K, 0% used [0x00000007b6180000,0x00000007b6180000,0x00000007c0000000)
 ParOldGen       total 747008K, used 60303K [0x0000000740000000, 0x000000076d980000, 0x0000000795580000)
  object space 747008K, 8% used [0x0000000740000000,0x0000000743ae3dc0,0x000000076d980000)
 Metaspace       used 62161K, capacity 63804K, committed 64088K, reserved 1105920K
  class space    used 7886K, capacity 8267K, committed 8320K, reserved 1048576K

