# JRE version: Java(TM) SE Runtime Environment (8.0_65-b17) (build 1.8.0_65-b17)
# Java VM: Java HotSpot(TM) 64-Bit Server VM (25.65-b01 mixed mode bsd-amd64 compressed oops)
Heap:
 PSYoungGen      total 229376K, used 229347K [0x0000000795580000, 0x00000007a7980000, 0x00000007c0000000)
  eden space 201728K, 100% used [0x0000000795580000,0x00000007a1a80000,0x00000007a1a80000)
  from space 27648K, 99% used [0x00000007a3f80000,0x00000007a5a78c58,0x00000007a5a80000)
  to   space 37888K, 39% used [0x00000007a1a80000,0x00000007a2944630,0x00000007a3f80000)
 ParOldGen       total 111104K, used 56880K [0x0000000740000000, 0x0000000746c80000, 0x0000000795580000)
  object space 111104K, 51% used [0x0000000740000000,0x000000074378c300,0x0000000746c80000)
 Metaspace       used 50921K, capacity 51980K, committed 52224K, reserved 1093632K
  class space    used 6830K, capacity 7098K, committed 7168K, reserved 1048576K
GC Heap History (10 events):
Event: 6.455 GC heap after
Heap after GC invocations=8 (full 2):
 PSYoungGen      total 141824K, used 0K [0x0000000795580000, 0x00000007a2500000, 0x00000007c0000000)
  eden space 129024K, 0% used [0x0000000795580000,0x0000000795580000,0x000000079d380000)
  from space 12800K, 0% used [0x000000079e080000,0x000000079e080000,0x000000079ed00000)
  to   space 13312K, 0% used [0x000000079d380000,0x000000079d380000,0x000000079e080000)
 ParOldGen       total 111104K, used 18260K [0x0000000740000000, 0x0000000746c80000, 0x0000000795580000)
  object space 111104K, 16% used [0x0000000740000000,0x00000007411d5390,0x0000000746c80000)
 Metaspace       used 34821K, capacity 35368K, committed 35416K, reserved 1079296K
  class space    used 4632K, capacity 4829K, committed 4864K, reserved 1048576K
}
Event: 10.741 GC heap before
{Heap before GC invocations=9 (full 2):
 PSYoungGen      total 141824K, used 129024K [0x0000000795580000, 0x00000007a2500000, 0x00000007c0000000)
  eden space 129024K, 100% used [0x0000000795580000,0x000000079d380000,0x000000079d380000)
  from space 12800K, 0% used [0x000000079e080000,0x000000079e080000,0x000000079ed00000)
  to   space 13312K, 0% used [0x000000079d380000,0x000000079d380000,0x000000079e080000)
 ParOldGen       total 111104K, used 18260K [0x0000000740000000, 0x0000000746c80000, 0x0000000795580000)
  object space 111104K, 16% used [0x0000000740000000,0x00000007411d5390,0x0000000746c80000)
 Metaspace       used 40939K, capacity 41710K, committed 41856K, reserved 1085440K
  class space    used 5468K, capacity 5646K, committed 5760K, reserved 1048576K
Event: 10.762 GC heap after
Heap after GC invocations=9 (full 2):
 PSYoungGen      total 142336K, used 11634K [0x0000000795580000, 0x00000007a1d00000, 0x00000007c0000000)
  eden space 129024K, 0% used [0x0000000795580000,0x0000000795580000,0x000000079d380000)
  from space 13312K, 87% used [0x000000079d380000,0x000000079dedca80,0x000000079e080000)
  to   space 14336K, 0% used [0x00000007a0f00000,0x00000007a0f00000,0x00000007a1d00000)
 ParOldGen       total 111104K, used 18268K [0x0000000740000000, 0x0000000746c80000, 0x0000000795580000)
  object space 111104K, 16% used [0x0000000740000000,0x00000007411d7390,0x0000000746c80000)
 Metaspace       used 40939K, capacity 41710K, committed 41856K, reserved 1085440K
  class space    used 5468K, capacity 5646K, committed 5760K, reserved 1048576K
}
Event: 12.983 GC heap before
{Heap before GC invocations=10 (full 2):
 PSYoungGen      total 142336K, used 140658K [0x0000000795580000, 0x00000007a1d00000, 0x00000007c0000000)
  eden space 129024K, 100% used [0x0000000795580000,0x000000079d380000,0x000000079d380000)
  from space 13312K, 87% used [0x000000079d380000,0x000000079dedca80,0x000000079e080000)
  to   space 14336K, 0% used [0x00000007a0f00000,0x00000007a0f00000,0x00000007a1d00000)
 ParOldGen       total 111104K, used 18268K [0x0000000740000000, 0x0000000746c80000, 0x0000000795580000)
  object space 111104K, 16% used [0x0000000740000000,0x00000007411d7390,0x0000000746c80000)
 Metaspace       used 47580K, capacity 48590K, committed 48768K, reserved 1091584K
  class space    used 6508K, capacity 6757K, committed 6784K, reserved 1048576K
Event: 13.039 GC heap after
Heap after GC invocations=10 (full 2):
 PSYoungGen      total 184320K, used 14321K [0x0000000795580000, 0x00000007a2a00000, 0x00000007c0000000)
  eden space 169984K, 0% used [0x0000000795580000,0x0000000795580000,0x000000079fb80000)
  from space 14336K, 99% used [0x00000007a0f00000,0x00000007a1cfc618,0x00000007a1d00000)
  to   space 19968K, 0% used [0x000000079fb80000,0x000000079fb80000,0x00000007a0f00000)
 ParOldGen       total 111104K, used 27063K [0x0000000740000000, 0x0000000746c80000, 0x0000000795580000)
  object space 111104K, 24% used [0x0000000740000000,0x0000000741a6de10,0x0000000746c80000)
 Metaspace       used 47580K, capacity 48590K, committed 48768K, reserved 1091584K
  class space    used 6508K, capacity 6757K, committed 6784K, reserved 1048576K
}
Event: 14.877 GC heap before
{Heap before GC invocations=11 (full 2):
 PSYoungGen      total 184320K, used 184305K [0x0000000795580000, 0x00000007a2a00000, 0x00000007c0000000)
  eden space 169984K, 100% used [0x0000000795580000,0x000000079fb80000,0x000000079fb80000)
  from space 14336K, 99% used [0x00000007a0f00000,0x00000007a1cfc618,0x00000007a1d00000)
  to   space 19968K, 0% used [0x000000079fb80000,0x000000079fb80000,0x00000007a0f00000)
 ParOldGen       total 111104K, used 27063K [0x0000000740000000, 0x0000000746c80000, 0x0000000795580000)
  object space 111104K, 24% used [0x0000000740000000,0x0000000741a6de10,0x0000000746c80000)
 Metaspace       used 50453K, capacity 51532K, committed 51712K, reserved 1093632K
  class space    used 6816K, capacity 7098K, committed 7168K, reserved 1048576K
Event: 14.939 GC heap after
Heap after GC invocations=11 (full 2):
 PSYoungGen      total 189952K, used 19949K [0x0000000795580000, 0x00000007a5a80000, 0x00000007c0000000)
  eden space 169984K, 0% used [0x0000000795580000,0x0000000795580000,0x000000079fb80000)
  from space 19968K, 99% used [0x000000079fb80000,0x00000007a0efb680,0x00000007a0f00000)
  to   space 27648K, 0% used [0x00000007a3f80000,0x00000007a3f80000,0x00000007a5a80000)
 ParOldGen       total 111104K, used 39818K [0x0000000740000000, 0x0000000746c80000, 0x0000000795580000)
  object space 111104K, 35% used [0x0000000740000000,0x00000007426e2890,0x0000000746c80000)
 Metaspace       used 50453K, capacity 51532K, committed 51712K, reserved 1093632K
  class space    used 6816K, capacity 7098K, committed 7168K, reserved 1048576K
}
Event: 16.289 GC heap before
{Heap before GC invocations=12 (full 2):
 PSYoungGen      total 189952K, used 189933K [0x0000000795580000, 0x00000007a5a80000, 0x00000007c0000000)
  eden space 169984K, 100% used [0x0000000795580000,0x000000079fb80000,0x000000079fb80000)
  from space 19968K, 99% used [0x000000079fb80000,0x00000007a0efb680,0x00000007a0f00000)
  to   space 27648K, 0% used [0x00000007a3f80000,0x00000007a3f80000,0x00000007a5a80000)
 ParOldGen       total 111104K, used 39818K [0x0000000740000000, 0x0000000746c80000, 0x0000000795580000)
  object space 111104K, 35% used [0x0000000740000000,0x00000007426e2890,0x0000000746c80000)
 Metaspace       used 50680K, capacity 51788K, committed 51968K, reserved 1093632K
  class space    used 6818K, capacity 7098K, committed 7168K, reserved 1048576K
Event: 16.400 GC heap after
Heap after GC invocations=12 (full 2):
 PSYoungGen      total 229376K, used 27619K [0x0000000795580000, 0x00000007a7980000, 0x00000007c0000000)
  eden space 201728K, 0% used [0x0000000795580000,0x0000000795580000,0x00000007a1a80000)
  from space 27648K, 99% used [0x00000007a3f80000,0x00000007a5a78c58,0x00000007a5a80000)
  to   space 37888K, 0% used [0x00000007a1a80000,0x00000007a1a80000,0x00000007a3f80000)
 ParOldGen       total 111104K, used 56880K [0x0000000740000000, 0x0000000746c80000, 0x0000000795580000)
  object space 111104K, 51% used [0x0000000740000000,0x000000074378c300,0x0000000746c80000)
 Metaspace       used 50680K, capacity 51788K, committed 51968K, reserved 1093632K
  class space    used 6818K, capacity 7098K, committed 7168K, reserved 1048576K
}
Event: 17.472 GC heap before
{Heap before GC invocations=13 (full 2):
 PSYoungGen      total 229376K, used 229347K [0x0000000795580000, 0x00000007a7980000, 0x00000007c0000000)
  eden space 201728K, 100% used [0x0000000795580000,0x00000007a1a80000,0x00000007a1a80000)
  from space 27648K, 99% used [0x00000007a3f80000,0x00000007a5a78c58,0x00000007a5a80000)
  to   space 37888K, 0% used [0x00000007a1a80000,0x00000007a1a80000,0x00000007a3f80000)
 ParOldGen       total 111104K, used 56880K [0x0000000740000000, 0x0000000746c80000, 0x0000000795580000)
  object space 111104K, 51% used [0x0000000740000000,0x000000074378c300,0x0000000746c80000)
 Metaspace       used 50921K, capacity 51980K, committed 52224K, reserved 1093632K
  class space    used 6830K, capacity 7098K, committed 7168K, reserved 1048576K

